<?xml version="1.0" encoding="UTF-8"?>
<testng-results ignored="0" total="1" passed="1" failed="0" skipped="0">
  <reporter-output>
  </reporter-output>
  <suite started-at="2023-05-18T11:02:36 IST" name="Default suite" finished-at="2023-05-18T11:03:25 IST" duration-ms="49119">
    <groups>
    </groups>
    <test started-at="2023-05-18T11:02:36 IST" name="Default test" finished-at="2023-05-18T11:03:25 IST" duration-ms="49119">
      <class name="testcases.LoginTest_001">
        <test-method is-config="true" signature="openapplication()[pri:0, instance:testcases.LoginTest_001@19932c16]" started-at="2023-05-18T11:02:36 IST" name="openapplication" finished-at="2023-05-18T11:03:04 IST" duration-ms="27995" status="PASS">
          <reporter-output>
          </reporter-output>
        </test-method> <!-- openapplication -->
        <test-method signature="logintest()[pri:0, instance:testcases.LoginTest_001@19932c16]" started-at="2023-05-18T11:03:04 IST" name="logintest" finished-at="2023-05-18T11:03:24 IST" duration-ms="20014" status="PASS">
          <reporter-output>
          </reporter-output>
        </test-method> <!-- logintest -->
        <test-method is-config="true" signature="closeApplication()[pri:0, instance:testcases.LoginTest_001@19932c16]" started-at="2023-05-18T11:03:24 IST" name="closeApplication" finished-at="2023-05-18T11:03:25 IST" duration-ms="699" status="PASS">
          <reporter-output>
          </reporter-output>
        </test-method> <!-- closeApplication -->
      </class> <!-- testcases.LoginTest_001 -->
    </test> <!-- Default test -->
  </suite> <!-- Default suite -->
</testng-results>
